<?xml version="1.0" encoding="UTF-8"?>
<!-- Generated by org.testng.reporters.JUnitReportReporter -->
<testsuite hostname="438d7af651b2556" failures="0" tests="3" name="testcases.dashboardSearchCustomerTest" time="14.836" errors="0" timestamp="2023-08-01T23:07:28 IST" skipped="0">
  <testcase classname="testcases.dashboardSearchCustomerTest" name="login" time="5.894"/>
  <testcase classname="testcases.dashboardSearchCustomerTest" name="verifydashboard" time="4.557"/>
  <testcase classname="testcases.dashboardSearchCustomerTest" name="logout" time="4.385"/>
</testsuite> <!-- testcases.dashboardSearchCustomerTest -->
