<?xml version="1.0" encoding="UTF-8"?>
<!-- Generated by org.testng.reporters.JUnitReportReporter -->
<testsuite hostname="438d7af651b2556" failures="0" tests="3" name="testcases.dashboardSearchCustomerTest" time="11.719" errors="0" timestamp="1 Aug 2023 17:28:13 GMT">
  <testcase classname="testcases.dashboardSearchCustomerTest" name="logout" time="1.619"/>
  <testcase classname="testcases.dashboardSearchCustomerTest" name="login" time="6.631"/>
  <testcase classname="testcases.dashboardSearchCustomerTest" name="verifydashboard" time="3.469"/>
</testsuite> <!-- testcases.dashboardSearchCustomerTest -->
